- 01:57:50.328 INFO: --------------------------------------------------------
- 01:57:50.328 INFO: Started application
- 01:57:50.328 INFO: Logging to: E:\SOFTWARE\Department Library Folder\debug.log
- 01:57:50.328 INFO: Log level = DEBUG4
- 01:57:50.328 INFO: Starting Mongoose 3.9c web server
- 01:57:50.328 INFO: WWW directory: E:\SOFTWARE\Department Library Folder\www
- 01:57:50.328 INFO: Index files: index.html,index.php
- 01:57:50.328 INFO: CGI interpreter: E:\SOFTWARE\Department Library Folder\php\php-cgi.exe
- 01:57:50.328 INFO: CGI pattern: **.php$
- 01:57:50.328 INFO: Hide files patterns: 
- 01:57:50.328 INFO: CGI environment variables set: TMP=C:\Users\DELL\AppData\Local\Temp\,TEMP=C:\Users\DELL\AppData\Local\Temp\,TMPDIR=C:\Users\DELL\AppData\Local\Temp\,SERVER_NAME=127.0.0.1,PHPDESKTOP_VERSION=57.0
- 01:57:50.344 INFO: Web server url: http://127.0.0.1:11925/
- 01:57:50.344 INFO: remote_debugging_port = 54493
- 01:57:50.547 DEBUG: Command line string for the browser process: "E:\SOFTWARE\Department Library Folder\Department_Library.exe" --no-sandbox --lang=en-US --log-file="E:\SOFTWARE\Department Library Folder\debug.log" --remote-debugging-port=54493
- 01:57:55.047 DEBUG: Command line string for the gpu-process process: "E:\SOFTWARE\Department Library Folder\Department_Library.exe" --type=gpu-process --no-sandbox --lang=en-US --log-file="E:\SOFTWARE\Department Library Folder\debug.log" --disable-direct-composition --supports-dual-gpus=false --gpu-driver-bug-workarounds=7,10,18,19,20,23,41,61,74 --disable-gl-extensions="GL_KHR_blend_equation_advanced GL_KHR_blend_equation_advanced_coherent" --gpu-vendor-id=0x8086 --gpu-device-id=0x1916 --gpu-driver-vendor="Intel Corporation" --gpu-driver-version=31.0.101.2111 --gpu-driver-date=7-19-2022 --lang=en-US --log-file="E:\SOFTWARE\Department Library Folder\debug.log" --service-request-channel-token=98E5B14669A1741B53F0A4513CE2688C --mojo-platform-channel-handle=1968 /prefetch:2
- 01:57:57.297 DEBUG: App::OnContextInitialized()
- 01:57:57.328 DEBUG: Window max width/height = 1286/690
- 01:57:57.391 DEBUG: GetBrowserWindow(): not found, hwnd = 3671786
- 01:57:57.391 DEBUG: WindowProc(): event WM_GETMINMAXINFO: could not fetch BrowserWindow
- 01:57:57.391 DEBUG: BrowserWindow::CreateBrowserControl()
- 01:57:57.469 DEBUG: StoreBrowserWindow(): hwnd = 3671786
[0117/015758.208:ERROR:child_thread_impl.cc(762)] Request for unknown Channel-associated interface: ui::mojom::GpuMain
- 01:57:58.438 DEBUG: ClientHandler::OnAfterCreated()
- 01:57:58.453 DEBUG: SetCefBrowser() called in ClientHandler::OnAfterCreated()
- 01:57:59.000 DEBUG: Command line string for the renderer process: "E:\SOFTWARE\Department Library Folder\Department_Library.exe" --type=renderer --no-sandbox --primordial-pipe-token=D8E991F5A1C5A68B5819D9447B2470B6 --lang=en-US --lang=en-US --log-file="E:\SOFTWARE\Department Library Folder\debug.log" --enable-pinch --device-scale-factor=1 --num-raster-threads=2 --enable-main-frame-before-activation --content-image-texture-target=0,0,3553;0,1,3553;0,2,3553;0,3,3553;0,4,3553;0,5,3553;0,6,3553;0,7,3553;0,8,3553;0,9,3553;0,10,3553;0,11,3553;0,12,3553;0,13,3553;0,14,3553;0,15,3553;1,0,3553;1,1,3553;1,2,3553;1,3,3553;1,4,3553;1,5,3553;1,6,3553;1,7,3553;1,8,3553;1,9,3553;1,10,3553;1,11,3553;1,12,3553;1,13,3553;1,14,3553;1,15,3553;2,0,3553;2,1,3553;2,2,3553;2,3,3553;2,4,3553;2,5,3553;2,6,3553;2,7,3553;2,8,3553;2,9,3553;2,10,3553;2,11,3553;2,12,3553;2,13,3553;2,14,3553;2,15,3553;3,0,3553;3,1,3553;3,2,3553;3,3,3553;3,4,3553;3,5,3553;3,6,3553;3,7,3553;3,8,3553;3,9,3553;3,10,3553;3,11,3553;3,12,3553;3,13,3553;3,14,3553;3,15,3553 --service-request-channel-token=D8E991F5A1C5A68B5819D9447B2470B6 --renderer-client-id=3 --mojo-platform-channel-handle=2416 /prefetch:1
- 01:57:59.766 DEBUG: OnLoadingStateChange: loading=1, url=
- 01:58:01.797 DEBUG: OnBrowserCreated()
- 01:58:04.500 INFO: GET 200 /
- 01:58:05.063 INFO: GET 200 /assets/css/bootstrap.css
- 01:58:05.094 INFO: GET 200 /assets/js/jquery-1.10.2.js
- 01:58:05.094 INFO: GET 200 /assets/css/style.css
- 01:58:05.109 INFO: GET 200 /assets/css/font-awesome.css
- 01:58:05.141 INFO: GET 200 /assets/js/bootstrap.js
- 01:58:05.281 INFO: GET 200 /assets/js/custom.js
- 01:58:05.313 INFO: GET 200 /assets/img/VP.jpg
- 01:58:06.641 INFO: GET 200 /assets/img/6.jpg
- 01:58:06.703 INFO: GET 200 /assets/img/5.jpg
- 01:58:06.734 INFO: GET 200 /assets/img/7.jpg
- 01:58:06.750 INFO: GET 200 /assets/img/4.jpg
- 01:58:06.328 DEBUG: OnContextCreated()
- 01:58:07.938 INFO: GET 200 /assets/fonts/glyphicons-halflings-regular.woff
[0117/015807.889:INFO:CONSOLE(25)] "Uncaught TypeError: $(...).dataTable is not a function", source: http://127.0.0.1:11925/assets/js/custom.js (25)
- 01:58:08.141 DEBUG: OnLoadingStateChange: loading=0, url=http://127.0.0.1:11925/
- 01:58:15.953 DEBUG: WM_DESTROY
- 01:58:15.953 DEBUG: RemoveBrowserWindow(): hwnd = 3671786
- 01:58:15.953 INFO: Stopping Mongoose web server
- 01:58:15.953 DEBUG: Mongoose webserver stopped immediately
- 01:58:15.969 DEBUG: OnBeforeClose() hwnd=5637716
- 01:58:15.969 DEBUG: RemoveBrowserWindow(): hwnd = 5637716
- 01:58:15.984 DEBUG: GetBrowserWindow(): not found, hwnd = 5637716
- 01:58:15.984 WARNING: RemoveBrowserWindow() failed: GetBrowserWindow() failed
- 01:58:15.984 DEBUG: Calling CefQuitMessageLoop()
- 01:58:15.641 DEBUG: OnBrowserDestroyed()
- 01:58:16.922 INFO: Ended application
- 01:58:16.922 INFO: --------------------------------------------------------
